<?xml version="1.0" encoding="UTF-8"?>
<testsuite xmlns:xsi="http://www.w3.org/2001/XMLSchema-instance" xsi:noNamespaceSchemaLocation="https://maven.apache.org/surefire/maven-surefire-plugin/xsd/surefire-test-report.xsd" name="org.example.AppTest" time="0.107" tests="1" errors="0" skipped="0" failures="0">
  <properties>
    <property name="gopherProxySet" value="false"/>
    <property name="awt.toolkit" value="sun.lwawt.macosx.LWCToolkit"/>
    <property name="java.specification.version" value="11"/>
    <property name="sun.cpu.isalist" value=""/>
    <property name="sun.jnu.encoding" value="UTF-8"/>
    <property name="java.class.path" value="/Users/tech-a003/IdeaProjects/BlazeProject-EdwardJames/target/test-classes:/Users/tech-a003/IdeaProjects/BlazeProject-EdwardJames/target/classes:/Users/tech-a003/.m2/repository/junit/junit/4.12/junit-4.12.jar:/Users/tech-a003/.m2/repository/org/hamcrest/hamcrest-core/1.3/hamcrest-core-1.3.jar:/Users/tech-a003/.m2/repository/org/seleniumhq/selenium/selenium-chrome-driver/4.0.0-alpha-1/selenium-chrome-driver-4.0.0-alpha-1.jar:/Users/tech-a003/.m2/repository/org/seleniumhq/selenium/selenium-remote-driver/4.0.0-alpha-1/selenium-remote-driver-4.0.0-alpha-1.jar:/Users/tech-a003/.m2/repository/org/seleniumhq/selenium/selenium-java/4.0.0-alpha-1/selenium-java-4.0.0-alpha-1.jar:/Users/tech-a003/.m2/repository/org/seleniumhq/selenium/selenium-edge-driver/4.0.0-alpha-1/selenium-edge-driver-4.0.0-alpha-1.jar:/Users/tech-a003/.m2/repository/org/seleniumhq/selenium/selenium-firefox-xpi-driver/4.0.0-alpha-1/selenium-firefox-xpi-driver-4.0.0-alpha-1.jar:/Users/tech-a003/.m2/repository/org/seleniumhq/selenium/selenium-ie-driver/4.0.0-alpha-1/selenium-ie-driver-4.0.0-alpha-1.jar:/Users/tech-a003/.m2/repository/org/seleniumhq/selenium/selenium-opera-driver/4.0.0-alpha-1/selenium-opera-driver-4.0.0-alpha-1.jar:/Users/tech-a003/.m2/repository/org/seleniumhq/selenium/selenium-support/4.0.0-alpha-1/selenium-support-4.0.0-alpha-1.jar:/Users/tech-a003/.m2/repository/com/fasterxml/jackson/core/jackson-databind/2.10.0/jackson-databind-2.10.0.jar:/Users/tech-a003/.m2/repository/com/fasterxml/jackson/core/jackson-annotations/2.10.0/jackson-annotations-2.10.0.jar:/Users/tech-a003/.m2/repository/com/fasterxml/jackson/core/jackson-core/2.10.0/jackson-core-2.10.0.jar:/Users/tech-a003/.m2/repository/org/apache/httpcomponents/httpclient/4.5.10/httpclient-4.5.10.jar:/Users/tech-a003/.m2/repository/org/apache/httpcomponents/httpcore/4.4.12/httpcore-4.4.12.jar:/Users/tech-a003/.m2/repository/commons-logging/commons-logging/1.2/commons-logging-1.2.jar:/Users/tech-a003/.m2/repository/commons-codec/commons-codec/1.11/commons-codec-1.11.jar:/Users/tech-a003/.m2/repository/io/cucumber/cucumber-junit/4.8.0/cucumber-junit-4.8.0.jar:/Users/tech-a003/.m2/repository/org/apiguardian/apiguardian-api/1.1.0/apiguardian-api-1.1.0.jar:/Users/tech-a003/.m2/repository/io/cucumber/cucumber-java/4.8.0/cucumber-java-4.8.0.jar:/Users/tech-a003/.m2/repository/io/cucumber/cucumber-core/4.8.0/cucumber-core-4.8.0.jar:/Users/tech-a003/.m2/repository/io/cucumber/gherkin/5.1.0/gherkin-5.1.0.jar:/Users/tech-a003/.m2/repository/io/cucumber/tag-expressions/1.1.1/tag-expressions-1.1.1.jar:/Users/tech-a003/.m2/repository/io/cucumber/cucumber-expressions/7.0.2/cucumber-expressions-7.0.2.jar:/Users/tech-a003/.m2/repository/io/cucumber/datatable/1.1.14/datatable-1.1.14.jar:/Users/tech-a003/.m2/repository/io/cucumber/datatable-dependencies/1.1.14/datatable-dependencies-1.1.14.jar:/Users/tech-a003/.m2/repository/org/seleniumhq/selenium/selenium-firefox-driver/3.141.59/selenium-firefox-driver-3.141.59.jar:/Users/tech-a003/.m2/repository/org/seleniumhq/selenium/selenium-api/3.141.59/selenium-api-3.141.59.jar:/Users/tech-a003/.m2/repository/net/bytebuddy/byte-buddy/1.8.15/byte-buddy-1.8.15.jar:/Users/tech-a003/.m2/repository/org/apache/commons/commons-exec/1.3/commons-exec-1.3.jar:/Users/tech-a003/.m2/repository/com/google/guava/guava/25.0-jre/guava-25.0-jre.jar:/Users/tech-a003/.m2/repository/com/google/code/findbugs/jsr305/1.3.9/jsr305-1.3.9.jar:/Users/tech-a003/.m2/repository/org/checkerframework/checker-compat-qual/2.0.0/checker-compat-qual-2.0.0.jar:/Users/tech-a003/.m2/repository/com/google/errorprone/error_prone_annotations/2.1.3/error_prone_annotations-2.1.3.jar:/Users/tech-a003/.m2/repository/com/google/j2objc/j2objc-annotations/1.1/j2objc-annotations-1.1.jar:/Users/tech-a003/.m2/repository/org/codehaus/mojo/animal-sniffer-annotations/1.14/animal-sniffer-annotations-1.14.jar:/Users/tech-a003/.m2/repository/com/squareup/okhttp3/okhttp/3.11.0/okhttp-3.11.0.jar:/Users/tech-a003/.m2/repository/com/squareup/okio/okio/1.14.0/okio-1.14.0.jar:/Users/tech-a003/.m2/repository/org/seleniumhq/selenium/selenium-safari-driver/3.141.59/selenium-safari-driver-3.141.59.jar:"/>
    <property name="java.vm.vendor" value="JetBrains s.r.o"/>
    <property name="sun.arch.data.model" value="64"/>
    <property name="java.vendor.url" value="https://www.jetbrains.com/"/>
    <property name="user.timezone" value=""/>
    <property name="java.vm.specification.version" value="11"/>
    <property name="os.name" value="Mac OS X"/>
    <property name="sun.java.launcher" value="SUN_STANDARD"/>
    <property name="user.country" value="GB"/>
    <property name="sun.boot.library.path" value="/private/var/folders/60/_098z7n92t9bk8wjc2v9ppsw0000gp/T/AppTranslocation/ABEC52BB-4CE8-4C67-B004-673870DE1548/d/IntelliJ IDEA CE.app/Contents/jbr/Contents/Home/lib"/>
    <property name="sun.java.command" value="/Users/tech-a003/IdeaProjects/BlazeProject-EdwardJames/target/surefire/surefirebooter7070445269012737925.jar /Users/tech-a003/IdeaProjects/BlazeProject-EdwardJames/target/surefire 2020-01-29T11-41-27_300-jvmRun1 surefire15746890852490868705tmp surefire_016576770364568652029tmp"/>
    <property name="http.nonProxyHosts" value="local|*.local|169.254/16|*.169.254/16"/>
    <property name="jdk.debug" value="release"/>
    <property name="surefire.test.class.path" value="/Users/tech-a003/IdeaProjects/BlazeProject-EdwardJames/target/test-classes:/Users/tech-a003/IdeaProjects/BlazeProject-EdwardJames/target/classes:/Users/tech-a003/.m2/repository/junit/junit/4.12/junit-4.12.jar:/Users/tech-a003/.m2/repository/org/hamcrest/hamcrest-core/1.3/hamcrest-core-1.3.jar:/Users/tech-a003/.m2/repository/org/seleniumhq/selenium/selenium-chrome-driver/4.0.0-alpha-1/selenium-chrome-driver-4.0.0-alpha-1.jar:/Users/tech-a003/.m2/repository/org/seleniumhq/selenium/selenium-remote-driver/4.0.0-alpha-1/selenium-remote-driver-4.0.0-alpha-1.jar:/Users/tech-a003/.m2/repository/org/seleniumhq/selenium/selenium-java/4.0.0-alpha-1/selenium-java-4.0.0-alpha-1.jar:/Users/tech-a003/.m2/repository/org/seleniumhq/selenium/selenium-edge-driver/4.0.0-alpha-1/selenium-edge-driver-4.0.0-alpha-1.jar:/Users/tech-a003/.m2/repository/org/seleniumhq/selenium/selenium-firefox-xpi-driver/4.0.0-alpha-1/selenium-firefox-xpi-driver-4.0.0-alpha-1.jar:/Users/tech-a003/.m2/repository/org/seleniumhq/selenium/selenium-ie-driver/4.0.0-alpha-1/selenium-ie-driver-4.0.0-alpha-1.jar:/Users/tech-a003/.m2/repository/org/seleniumhq/selenium/selenium-opera-driver/4.0.0-alpha-1/selenium-opera-driver-4.0.0-alpha-1.jar:/Users/tech-a003/.m2/repository/org/seleniumhq/selenium/selenium-support/4.0.0-alpha-1/selenium-support-4.0.0-alpha-1.jar:/Users/tech-a003/.m2/repository/com/fasterxml/jackson/core/jackson-databind/2.10.0/jackson-databind-2.10.0.jar:/Users/tech-a003/.m2/repository/com/fasterxml/jackson/core/jackson-annotations/2.10.0/jackson-annotations-2.10.0.jar:/Users/tech-a003/.m2/repository/com/fasterxml/jackson/core/jackson-core/2.10.0/jackson-core-2.10.0.jar:/Users/tech-a003/.m2/repository/org/apache/httpcomponents/httpclient/4.5.10/httpclient-4.5.10.jar:/Users/tech-a003/.m2/repository/org/apache/httpcomponents/httpcore/4.4.12/httpcore-4.4.12.jar:/Users/tech-a003/.m2/repository/commons-logging/commons-logging/1.2/commons-logging-1.2.jar:/Users/tech-a003/.m2/repository/commons-codec/commons-codec/1.11/commons-codec-1.11.jar:/Users/tech-a003/.m2/repository/io/cucumber/cucumber-junit/4.8.0/cucumber-junit-4.8.0.jar:/Users/tech-a003/.m2/repository/org/apiguardian/apiguardian-api/1.1.0/apiguardian-api-1.1.0.jar:/Users/tech-a003/.m2/repository/io/cucumber/cucumber-java/4.8.0/cucumber-java-4.8.0.jar:/Users/tech-a003/.m2/repository/io/cucumber/cucumber-core/4.8.0/cucumber-core-4.8.0.jar:/Users/tech-a003/.m2/repository/io/cucumber/gherkin/5.1.0/gherkin-5.1.0.jar:/Users/tech-a003/.m2/repository/io/cucumber/tag-expressions/1.1.1/tag-expressions-1.1.1.jar:/Users/tech-a003/.m2/repository/io/cucumber/cucumber-expressions/7.0.2/cucumber-expressions-7.0.2.jar:/Users/tech-a003/.m2/repository/io/cucumber/datatable/1.1.14/datatable-1.1.14.jar:/Users/tech-a003/.m2/repository/io/cucumber/datatable-dependencies/1.1.14/datatable-dependencies-1.1.14.jar:/Users/tech-a003/.m2/repository/org/seleniumhq/selenium/selenium-firefox-driver/3.141.59/selenium-firefox-driver-3.141.59.jar:/Users/tech-a003/.m2/repository/org/seleniumhq/selenium/selenium-api/3.141.59/selenium-api-3.141.59.jar:/Users/tech-a003/.m2/repository/net/bytebuddy/byte-buddy/1.8.15/byte-buddy-1.8.15.jar:/Users/tech-a003/.m2/repository/org/apache/commons/commons-exec/1.3/commons-exec-1.3.jar:/Users/tech-a003/.m2/repository/com/google/guava/guava/25.0-jre/guava-25.0-jre.jar:/Users/tech-a003/.m2/repository/com/google/code/findbugs/jsr305/1.3.9/jsr305-1.3.9.jar:/Users/tech-a003/.m2/repository/org/checkerframework/checker-compat-qual/2.0.0/checker-compat-qual-2.0.0.jar:/Users/tech-a003/.m2/repository/com/google/errorprone/error_prone_annotations/2.1.3/error_prone_annotations-2.1.3.jar:/Users/tech-a003/.m2/repository/com/google/j2objc/j2objc-annotations/1.1/j2objc-annotations-1.1.jar:/Users/tech-a003/.m2/repository/org/codehaus/mojo/animal-sniffer-annotations/1.14/animal-sniffer-annotations-1.14.jar:/Users/tech-a003/.m2/repository/com/squareup/okhttp3/okhttp/3.11.0/okhttp-3.11.0.jar:/Users/tech-a003/.m2/repository/com/squareup/okio/okio/1.14.0/okio-1.14.0.jar:/Users/tech-a003/.m2/repository/org/seleniumhq/selenium/selenium-safari-driver/3.141.59/selenium-safari-driver-3.141.59.jar:"/>
    <property name="sun.cpu.endian" value="little"/>
    <property name="user.home" value="/Users/tech-a003"/>
    <property name="user.language" value="en"/>
    <property name="java.specification.vendor" value="Oracle Corporation"/>
    <property name="java.version.date" value="2019-10-15"/>
    <property name="java.home" value="/private/var/folders/60/_098z7n92t9bk8wjc2v9ppsw0000gp/T/AppTranslocation/ABEC52BB-4CE8-4C67-B004-673870DE1548/d/IntelliJ IDEA CE.app/Contents/jbr/Contents/Home"/>
    <property name="file.separator" value="/"/>
    <property name="basedir" value="/Users/tech-a003/IdeaProjects/BlazeProject-EdwardJames"/>
    <property name="java.vm.compressedOopsMode" value="Zero based"/>
    <property name="line.separator" value="&#10;"/>
    <property name="java.specification.name" value="Java Platform API Specification"/>
    <property name="java.vm.specification.vendor" value="Oracle Corporation"/>
    <property name="java.awt.graphicsenv" value="sun.awt.CGraphicsEnvironment"/>
    <property name="surefire.real.class.path" value="/Users/tech-a003/IdeaProjects/BlazeProject-EdwardJames/target/surefire/surefirebooter7070445269012737925.jar"/>
    <property name="sun.management.compiler" value="HotSpot 64-Bit Tiered Compilers"/>
    <property name="ftp.nonProxyHosts" value="local|*.local|169.254/16|*.169.254/16"/>
    <property name="java.runtime.version" value="11.0.5+10-b520.30"/>
    <property name="user.name" value="tech-a003"/>
    <property name="path.separator" value=":"/>
    <property name="os.version" value="10.14.1"/>
    <property name="java.runtime.name" value="OpenJDK Runtime Environment"/>
    <property name="file.encoding" value="UTF-8"/>
    <property name="java.vm.name" value="OpenJDK 64-Bit Server VM"/>
    <property name="localRepository" value="/Users/tech-a003/.m2/repository"/>
    <property name="java.vendor.url.bug" value="https://youtrack.jetbrains.com"/>
    <property name="java.io.tmpdir" value="/var/folders/60/_098z7n92t9bk8wjc2v9ppsw0000gp/T/"/>
    <property name="java.version" value="11.0.5"/>
    <property name="user.dir" value="/Users/tech-a003/IdeaProjects/BlazeProject-EdwardJames"/>
    <property name="os.arch" value="x86_64"/>
    <property name="java.vm.specification.name" value="Java Virtual Machine Specification"/>
    <property name="java.awt.printerjob" value="sun.lwawt.macosx.CPrinterJob"/>
    <property name="sun.os.patch.level" value="unknown"/>
    <property name="java.library.path" value="/Users/tech-a003/Library/Java/Extensions:/Library/Java/Extensions:/Network/Library/Java/Extensions:/System/Library/Java/Extensions:/usr/lib/java:."/>
    <property name="idea.version2019.3.2" value="true"/>
    <property name="java.vendor" value="JetBrains s.r.o"/>
    <property name="java.vm.info" value="mixed mode"/>
    <property name="java.vm.version" value="11.0.5+10-b520.30"/>
    <property name="sun.io.unicode.encoding" value="UnicodeBig"/>
    <property name="java.class.version" value="55.0"/>
    <property name="socksNonProxyHosts" value="local|*.local|169.254/16|*.169.254/16"/>
  </properties>
  <testcase name="shouldAnswerWithTrue" classname="org.example.AppTest" time="0.003"/>
</testsuite>